<?xml version="1.0" encoding="UTF-8"?>
<!-- Generated by org.testng.reporters.JUnitReportReporter -->
<testsuite hostname="Logins" failures="0" tests="1" name="com.productsup.platform.tests.NavigationMenuOptionsTest" time="37.564" errors="0" timestamp="2021-10-20T11:04:50 IST" skipped="0">
  <testcase classname="com.productsup.platform.tests.NavigationMenuOptionsTest" name="validatePlatformOptions" time="37.564"/>
  <system-out/>
</testsuite> <!-- com.productsup.platform.tests.NavigationMenuOptionsTest -->
