<?xml version="1.0" encoding="UTF-8"?>
<!-- Generated by org.testng.reporters.JUnitReportReporter -->
<testsuite hostname="Logins" failures="0" tests="1" name="com.productsup.platform.tests.PlatformOptionsTest" time="33.991" errors="0" timestamp="2021-10-20T04:16:18 IST" skipped="0">
  <testcase classname="com.productsup.platform.tests.PlatformOptionsTest" name="validatePlatformOptions" time="33.991"/>
  <system-out/>
</testsuite> <!-- com.productsup.platform.tests.PlatformOptionsTest -->
